# JRE version: 7.0_09-b30
# Java VM: OpenJDK 64-Bit Server VM (23.2-b09 mixed mode linux-amd64 compressed oops)
Heap
 PSYoungGen      total 89600K, used 64413K [0x00000000f5560000, 0x00000000ff640000, 0x0000000100000000)
  eden space 78464K, 82% used [0x00000000f5560000,0x00000000f94474b8,0x00000000fa200000)
  from space 11136K, 0% used [0x00000000fa200000,0x00000000fa200000,0x00000000face0000)
  to   space 19584K, 0% used [0x00000000fe320000,0x00000000fe320000,0x00000000ff640000)
 ParOldGen       total 56576K, used 33965K [0x00000000e0000000, 0x00000000e3740000, 0x00000000f5560000)
  object space 56576K, 60% used [0x00000000e0000000,0x00000000e212b4a8,0x00000000e3740000)
 PSPermGen       total 71424K, used 47657K [0x00000000d0000000, 0x00000000d45c0000, 0x00000000e0000000)
  object space 71424K, 66% used [0x00000000d0000000,0x00000000d2e8a7e8,0x00000000d45c0000)
GC Heap History (10 events):
Event: 2.488 GC heap before
{Heap before GC invocations=6 (full 0):
 PSYoungGen      total 22272K, used 22272K [0x00000000f5560000, 0x00000000f86e0000, 0x0000000100000000)
  eden space 20608K, 100% used [0x00000000f5560000,0x00000000f6980000,0x00000000f6980000)
  from space 1664K, 100% used [0x00000000f6980000,0x00000000f6b20000,0x00000000f6b20000)
  to   space 4736K, 0% used [0x00000000f8240000,0x00000000f8240000,0x00000000f86e0000)
 ParOldGen       total 27328K, used 9871K [0x00000000e0000000, 0x00000000e1ab0000, 0x00000000f5560000)
  object space 27328K, 36% used [0x00000000e0000000,0x00000000e09a3c48,0x00000000e1ab0000)
 PSPermGen       total 21248K, used 8734K [0x00000000d0000000, 0x00000000d14c0000, 0x00000000e0000000)
  object space 21248K, 41% used [0x00000000d0000000,0x00000000d0887a30,0x00000000d14c0000)
Event: 2.492 GC heap after
Heap after GC invocations=6 (full 0):
 PSYoungGen      total 45504K, used 4716K [0x00000000f5560000, 0x00000000f87c0000, 0x0000000100000000)
  eden space 40768K, 0% used [0x00000000f5560000,0x00000000f5560000,0x00000000f7d30000)
  from space 4736K, 99% used [0x00000000f8240000,0x00000000f86db250,0x00000000f86e0000)
  to   space 5184K, 0% used [0x00000000f7d30000,0x00000000f7d30000,0x00000000f8240000)
 ParOldGen       total 27328K, used 9945K [0x00000000e0000000, 0x00000000e1ab0000, 0x00000000f5560000)
  object space 27328K, 36% used [0x00000000e0000000,0x00000000e09b66a8,0x00000000e1ab0000)
 PSPermGen       total 21248K, used 8734K [0x00000000d0000000, 0x00000000d14c0000, 0x00000000e0000000)
  object space 21248K, 41% used [0x00000000d0000000,0x00000000d0887a30,0x00000000d14c0000)
}
Event: 3.545 GC heap before
{Heap before GC invocations=7 (full 0):
 PSYoungGen      total 45504K, used 45484K [0x00000000f5560000, 0x00000000f87c0000, 0x0000000100000000)
  eden space 40768K, 100% used [0x00000000f5560000,0x00000000f7d30000,0x00000000f7d30000)
  from space 4736K, 99% used [0x00000000f8240000,0x00000000f86db250,0x00000000f86e0000)
  to   space 5184K, 0% used [0x00000000f7d30000,0x00000000f7d30000,0x00000000f8240000)
 ParOldGen       total 27328K, used 9945K [0x00000000e0000000, 0x00000000e1ab0000, 0x00000000f5560000)
  object space 27328K, 36% used [0x00000000e0000000,0x00000000e09b66a8,0x00000000e1ab0000)
 PSPermGen       total 21248K, used 11393K [0x00000000d0000000, 0x00000000d14c0000, 0x00000000e0000000)
  object space 21248K, 53% used [0x00000000d0000000,0x00000000d0b20458,0x00000000d14c0000)
Event: 3.552 GC heap after
Heap after GC invocations=7 (full 0):
 PSYoungGen      total 45952K, used 5160K [0x00000000f5560000, 0x00000000fb4c0000, 0x0000000100000000)
  eden space 40768K, 0% used [0x00000000f5560000,0x00000000f5560000,0x00000000f7d30000)
  from space 5184K, 99% used [0x00000000f7d30000,0x00000000f823a040,0x00000000f8240000)
  to   space 8064K, 0% used [0x00000000face0000,0x00000000face0000,0x00000000fb4c0000)
 ParOldGen       total 27328K, used 14688K [0x00000000e0000000, 0x00000000e1ab0000, 0x00000000f5560000)
  object space 27328K, 53% used [0x00000000e0000000,0x00000000e0e58088,0x00000000e1ab0000)
 PSPermGen       total 21248K, used 11393K [0x00000000d0000000, 0x00000000d14c0000, 0x00000000e0000000)
  object space 21248K, 53% used [0x00000000d0000000,0x00000000d0b20458,0x00000000d14c0000)
}
Event: 4.631 GC heap before
{Heap before GC invocations=8 (full 0):
 PSYoungGen      total 45952K, used 45928K [0x00000000f5560000, 0x00000000fb4c0000, 0x0000000100000000)
  eden space 40768K, 100% used [0x00000000f5560000,0x00000000f7d30000,0x00000000f7d30000)
  from space 5184K, 99% used [0x00000000f7d30000,0x00000000f823a040,0x00000000f8240000)
  to   space 8064K, 0% used [0x00000000face0000,0x00000000face0000,0x00000000fb4c0000)
 ParOldGen       total 27328K, used 14688K [0x00000000e0000000, 0x00000000e1ab0000, 0x00000000f5560000)
  object space 27328K, 53% used [0x00000000e0000000,0x00000000e0e58088,0x00000000e1ab0000)
 PSPermGen       total 21248K, used 15430K [0x00000000d0000000, 0x00000000d14c0000, 0x00000000e0000000)
  object space 21248K, 72% used [0x00000000d0000000,0x00000000d0f11858,0x00000000d14c0000)
Event: 4.640 GC heap after
Heap after GC invocations=8 (full 0):
 PSYoungGen      total 86528K, used 8040K [0x00000000f5560000, 0x00000000fbac0000, 0x0000000100000000)
  eden space 78464K, 0% used [0x00000000f5560000,0x00000000f5560000,0x00000000fa200000)
  from space 8064K, 99% used [0x00000000face0000,0x00000000fb4ba030,0x00000000fb4c0000)
  to   space 11136K, 0% used [0x00000000fa200000,0x00000000fa200000,0x00000000face0000)
 ParOldGen       total 27328K, used 19246K [0x00000000e0000000, 0x00000000e1ab0000, 0x00000000f5560000)
  object space 27328K, 70% used [0x00000000e0000000,0x00000000e12cb908,0x00000000e1ab0000)
 PSPermGen       total 21248K, used 15430K [0x00000000d0000000, 0x00000000d14c0000, 0x00000000e0000000)
  object space 21248K, 72% used [0x00000000d0000000,0x00000000d0f11858,0x00000000d14c0000)
}
Event: 49.164 GC heap before
{Heap before GC invocations=9 (full 0):
 PSYoungGen      total 86528K, used 86504K [0x00000000f5560000, 0x00000000fbac0000, 0x0000000100000000)
  eden space 78464K, 100% used [0x00000000f5560000,0x00000000fa200000,0x00000000fa200000)
  from space 8064K, 99% used [0x00000000face0000,0x00000000fb4ba030,0x00000000fb4c0000)
  to   space 11136K, 0% used [0x00000000fa200000,0x00000000fa200000,0x00000000face0000)
 ParOldGen       total 27328K, used 19246K [0x00000000e0000000, 0x00000000e1ab0000, 0x00000000f5560000)
  object space 27328K, 70% used [0x00000000e0000000,0x00000000e12cb908,0x00000000e1ab0000)
 PSPermGen       total 35456K, used 35435K [0x00000000d0000000, 0x00000000d22a0000, 0x00000000e0000000)
  object space 35456K, 99% used [0x00000000d0000000,0x00000000d229ae20,0x00000000d22a0000)
Event: 49.181 GC heap after
Heap after GC invocations=9 (full 0):
 PSYoungGen      total 89600K, used 11133K [0x00000000f5560000, 0x00000000ff640000, 0x0000000100000000)
  eden space 78464K, 0% used [0x00000000f5560000,0x00000000f5560000,0x00000000fa200000)
  from space 11136K, 99% used [0x00000000fa200000,0x00000000facdf4f0,0x00000000face0000)
  to   space 19584K, 0% used [0x00000000fe320000,0x00000000fe320000,0x00000000ff640000)
 ParOldGen       total 37120K, used 36221K [0x00000000e0000000, 0x00000000e2440000, 0x00000000f5560000)
  object space 37120K, 97% used [0x00000000e0000000,0x00000000e235f638,0x00000000e2440000)
 PSPermGen       total 35456K, used 35435K [0x00000000d0000000, 0x00000000d22a0000, 0x00000000e0000000)
  object space 35456K, 99% used [0x00000000d0000000,0x00000000d229ae20,0x00000000d22a0000)
}
Event: 49.181 GC heap before
{Heap before GC invocations=10 (full 1):
 PSYoungGen      total 89600K, used 11133K [0x00000000f5560000, 0x00000000ff640000, 0x0000000100000000)
  eden space 78464K, 0% used [0x00000000f5560000,0x00000000f5560000,0x00000000fa200000)
  from space 11136K, 99% used [0x00000000fa200000,0x00000000facdf4f0,0x00000000face0000)
  to   space 19584K, 0% used [0x00000000fe320000,0x00000000fe320000,0x00000000ff640000)
 ParOldGen       total 37120K, used 36221K [0x00000000e0000000, 0x00000000e2440000, 0x00000000f5560000)
  object space 37120K, 97% used [0x00000000e0000000,0x00000000e235f638,0x00000000e2440000)
 PSPermGen       total 35456K, used 35435K [0x00000000d0000000, 0x00000000d22a0000, 0x00000000e0000000)
  object space 35456K, 99% used [0x00000000d0000000,0x00000000d229ae20,0x00000000d22a0000)
Event: 49.278 GC heap after
Heap after GC invocations=10 (full 1):
 PSYoungGen      total 89600K, used 0K [0x00000000f5560000, 0x00000000ff640000, 0x0000000100000000)
  eden space 78464K, 0% used [0x00000000f5560000,0x00000000f5560000,0x00000000fa200000)
  from space 11136K, 0% used [0x00000000fa200000,0x00000000fa200000,0x00000000face0000)
  to   space 19584K, 0% used [0x00000000fe320000,0x00000000fe320000,0x00000000ff640000)
 ParOldGen       total 56576K, used 33965K [0x00000000e0000000, 0x00000000e3740000, 0x00000000f5560000)
  object space 56576K, 60% used [0x00000000e0000000,0x00000000e212b4a8,0x00000000e3740000)
 PSPermGen       total 71424K, used 35418K [0x00000000d0000000, 0x00000000d45c0000, 0x00000000e0000000)
  object space 71424K, 49% used [0x00000000d0000000,0x00000000d2296898,0x00000000d45c0000)
}

